[2019-12-09 11:00:06.856] [exthost] [info] extension host started
[2019-12-09 11:00:06.928] [exthost] [info] ExtensionService#_doActivateExtension amiralizadeh9480.laravel-extra-intellisense {"startup":false,"extensionId":{"value":"amiralizadeh9480.laravel-extra-intellisense","_lower":"amiralizadeh9480.laravel-extra-intellisense"},"activationEvent":"onLanguage:blade"}
[2019-12-09 11:00:06.928] [exthost] [info] ExtensionService#loadCommonJSModule file:///home/neosoft/.vscode/extensions/amiralizadeh9480.laravel-extra-intellisense-0.2.3/dist/extension.js
[2019-12-09 11:00:06.938] [exthost] [info] ExtensionService#_doActivateExtension codingyu.laravel-goto-view {"startup":false,"extensionId":{"value":"codingyu.laravel-goto-view","_lower":"codingyu.laravel-goto-view"},"activationEvent":"onLanguage:blade"}
[2019-12-09 11:00:06.938] [exthost] [info] ExtensionService#loadCommonJSModule file:///home/neosoft/.vscode/extensions/codingyu.laravel-goto-view-1.3.2/out/src/extension
[2019-12-09 11:00:06.946] [exthost] [info] ExtensionService#_doActivateExtension ctf0.laravel-goto-config {"startup":false,"extensionId":{"value":"ctf0.laravel-goto-config","_lower":"ctf0.laravel-goto-config"},"activationEvent":"onLanguage:blade"}
[2019-12-09 11:00:06.947] [exthost] [info] ExtensionService#loadCommonJSModule file:///home/neosoft/.vscode/extensions/ctf0.laravel-goto-config-0.0.3/out/src/extension
[2019-12-09 11:00:06.950] [exthost] [info] ExtensionService#_doActivateExtension ecmel.vscode-html-css {"startup":false,"extensionId":{"value":"ecmel.vscode-html-css","_lower":"ecmel.vscode-html-css"},"activationEvent":"onLanguage:blade"}
[2019-12-09 11:00:06.950] [exthost] [info] ExtensionService#loadCommonJSModule file:///home/neosoft/.vscode/extensions/ecmel.vscode-html-css-0.2.3/dist/extension
[2019-12-09 11:00:07.052] [exthost] [info] ExtensionService#_doActivateExtension onecentlin.laravel-blade {"startup":false,"extensionId":{"value":"onecentlin.laravel-blade","_lower":"onecentlin.laravel-blade"},"activationEvent":"onLanguage:blade"}
[2019-12-09 11:00:07.052] [exthost] [info] ExtensionService#loadCommonJSModule file:///home/neosoft/.vscode/extensions/onecentlin.laravel-blade-1.20.0/out/src/extension
[2019-12-09 11:00:07.228] [exthost] [info] ExtensionService#_doActivateExtension vscode.debug-auto-launch {"startup":true,"extensionId":{"value":"vscode.debug-auto-launch","_lower":"vscode.debug-auto-launch"},"activationEvent":"*"}
[2019-12-09 11:00:07.228] [exthost] [info] ExtensionService#loadCommonJSModule file:///usr/share/code/resources/app/extensions/debug-auto-launch/dist/extension
[2019-12-09 11:00:07.233] [exthost] [info] ExtensionService#_doActivateExtension vscode.emmet {"startup":true,"extensionId":{"value":"vscode.emmet","_lower":"vscode.emmet"},"activationEvent":"*"}
[2019-12-09 11:00:07.233] [exthost] [info] ExtensionService#loadCommonJSModule file:///usr/share/code/resources/app/extensions/emmet/dist/extension
[2019-12-09 11:00:07.254] [exthost] [info] ExtensionService#_doActivateExtension vscode.git {"startup":true,"extensionId":{"value":"vscode.git","_lower":"vscode.git"},"activationEvent":"*"}
[2019-12-09 11:00:07.254] [exthost] [info] ExtensionService#loadCommonJSModule file:///usr/share/code/resources/app/extensions/git/dist/main
[2019-12-09 11:00:07.289] [exthost] [info] ExtensionService#_doActivateExtension vscode.merge-conflict {"startup":true,"extensionId":{"value":"vscode.merge-conflict","_lower":"vscode.merge-conflict"},"activationEvent":"*"}
[2019-12-09 11:00:07.289] [exthost] [info] ExtensionService#loadCommonJSModule file:///usr/share/code/resources/app/extensions/merge-conflict/dist/extension
[2019-12-09 11:00:07.304] [exthost] [info] ExtensionService#_doActivateExtension animus-coop.vscode-phpstorm-formatter {"startup":true,"extensionId":{"value":"animus-coop.vscode-phpstorm-formatter","_lower":"animus-coop.vscode-phpstorm-formatter"},"activationEvent":"*"}
[2019-12-09 11:00:07.304] [exthost] [info] ExtensionService#loadCommonJSModule file:///home/neosoft/.vscode/extensions/animus-coop.vscode-phpstorm-formatter-0.0.3/built/extension.js
[2019-12-09 11:00:07.312] [exthost] [info] ExtensionService#_doActivateExtension austenc.laravel-blade-spacer {"startup":true,"extensionId":{"value":"austenc.laravel-blade-spacer","_lower":"austenc.laravel-blade-spacer"},"activationEvent":"*"}
[2019-12-09 11:00:07.312] [exthost] [info] ExtensionService#loadCommonJSModule file:///home/neosoft/.vscode/extensions/austenc.laravel-blade-spacer-1.0.3/out/extension
[2019-12-09 11:00:07.315] [exthost] [info] ExtensionService#_doActivateExtension chenxsan.vscode-standardjs {"startup":true,"extensionId":{"value":"chenxsan.vscode-standardjs","_lower":"chenxsan.vscode-standardjs"},"activationEvent":"*"}
[2019-12-09 11:00:07.315] [exthost] [info] ExtensionService#loadCommonJSModule file:///home/neosoft/.vscode/extensions/chenxsan.vscode-standardjs-1.2.3/client/out/extension
[2019-12-09 11:00:07.378] [exthost] [info] ExtensionService#_doActivateExtension EditorConfig.EditorConfig {"startup":true,"extensionId":{"value":"EditorConfig.EditorConfig","_lower":"editorconfig.editorconfig"},"activationEvent":"*"}
[2019-12-09 11:00:07.378] [exthost] [info] ExtensionService#loadCommonJSModule file:///home/neosoft/.vscode/extensions/editorconfig.editorconfig-0.14.2/out/editorConfigMain.js
[2019-12-09 11:00:07.424] [exthost] [info] ExtensionService#_doActivateExtension esbenp.prettier-vscode {"startup":true,"extensionId":{"value":"esbenp.prettier-vscode","_lower":"esbenp.prettier-vscode"},"activationEvent":"*"}
[2019-12-09 11:00:07.424] [exthost] [info] ExtensionService#loadCommonJSModule file:///home/neosoft/.vscode/extensions/esbenp.prettier-vscode-3.11.0/dist/extension
[2019-12-09 11:00:07.536] [exthost] [info] ExtensionService#_doActivateExtension formulahendry.auto-close-tag {"startup":true,"extensionId":{"value":"formulahendry.auto-close-tag","_lower":"formulahendry.auto-close-tag"},"activationEvent":"*"}
[2019-12-09 11:00:07.536] [exthost] [info] ExtensionService#loadCommonJSModule file:///home/neosoft/.vscode/extensions/formulahendry.auto-close-tag-0.5.6/out/src/extension
[2019-12-09 11:00:07.538] [exthost] [info] ExtensionService#_doActivateExtension hzwuxinhan.goTo {"startup":true,"extensionId":{"value":"hzwuxinhan.goTo","_lower":"hzwuxinhan.goto"},"activationEvent":"*"}
[2019-12-09 11:00:07.538] [exthost] [info] ExtensionService#loadCommonJSModule file:///home/neosoft/.vscode/extensions/hzwuxinhan.goto-0.1.3/out/src/extension
[2019-12-09 11:00:07.544] [exthost] [info] ExtensionService#_doActivateExtension ilmaria.generic-goto {"startup":true,"extensionId":{"value":"ilmaria.generic-goto","_lower":"ilmaria.generic-goto"},"activationEvent":"*"}
[2019-12-09 11:00:07.544] [exthost] [info] ExtensionService#loadCommonJSModule file:///home/neosoft/.vscode/extensions/ilmaria.generic-goto-0.0.3/out/extension.js
[2019-12-09 11:00:07.545] [exthost] [info] ExtensionService#_doActivateExtension krizzdewizz.goto-last-edit-location {"startup":true,"extensionId":{"value":"krizzdewizz.goto-last-edit-location","_lower":"krizzdewizz.goto-last-edit-location"},"activationEvent":"*"}
[2019-12-09 11:00:07.545] [exthost] [info] ExtensionService#loadCommonJSModule file:///home/neosoft/.vscode/extensions/krizzdewizz.goto-last-edit-location-0.2.1/out/extension
[2019-12-09 11:00:07.546] [exthost] [info] ExtensionService#_doActivateExtension michelemelluso.code-beautifier {"startup":true,"extensionId":{"value":"michelemelluso.code-beautifier","_lower":"michelemelluso.code-beautifier"},"activationEvent":"*"}
[2019-12-09 11:00:07.546] [exthost] [info] ExtensionService#loadCommonJSModule file:///home/neosoft/.vscode/extensions/michelemelluso.code-beautifier-2.3.3/out/src/extension
[2019-12-09 11:00:07.574] [exthost] [info] ExtensionService#_doActivateExtension ms-vsliveshare.vsliveshare {"startup":true,"extensionId":{"value":"ms-vsliveshare.vsliveshare","_lower":"ms-vsliveshare.vsliveshare"},"activationEvent":"*"}
[2019-12-09 11:00:07.574] [exthost] [info] ExtensionService#loadCommonJSModule file:///home/neosoft/.vscode/extensions/ms-vsliveshare.vsliveshare-1.0.1293/out/prod/extension-prod
[2019-12-09 11:00:07.852] [exthost] [info] ExtensionService#_doActivateExtension pranaygp.vscode-css-peek {"startup":true,"extensionId":{"value":"pranaygp.vscode-css-peek","_lower":"pranaygp.vscode-css-peek"},"activationEvent":"*"}
[2019-12-09 11:00:07.852] [exthost] [info] ExtensionService#loadCommonJSModule file:///home/neosoft/.vscode/extensions/pranaygp.vscode-css-peek-3.0.2/out/client/src/extension
[2019-12-09 11:00:07.898] [exthost] [info] ExtensionService#_doActivateExtension serafeim.goto-previous-buffer {"startup":true,"extensionId":{"value":"serafeim.goto-previous-buffer","_lower":"serafeim.goto-previous-buffer"},"activationEvent":"*"}
[2019-12-09 11:00:07.898] [exthost] [info] ExtensionService#loadCommonJSModule file:///home/neosoft/.vscode/extensions/serafeim.goto-previous-buffer-1.0.2/out/extension.js
[2019-12-09 11:00:07.899] [exthost] [info] ExtensionService#_doActivateExtension Sophisticode.php-formatter {"startup":true,"extensionId":{"value":"Sophisticode.php-formatter","_lower":"sophisticode.php-formatter"},"activationEvent":"*"}
[2019-12-09 11:00:07.899] [exthost] [info] ExtensionService#loadCommonJSModule file:///home/neosoft/.vscode/extensions/sophisticode.php-formatter-0.2.4/out/extension
[2019-12-09 11:00:07.906] [exthost] [info] ExtensionService#_doActivateExtension stef-k.laravel-goto-controller {"startup":true,"extensionId":{"value":"stef-k.laravel-goto-controller","_lower":"stef-k.laravel-goto-controller"},"activationEvent":"*"}
[2019-12-09 11:00:07.907] [exthost] [info] ExtensionService#loadCommonJSModule file:///home/neosoft/.vscode/extensions/stef-k.laravel-goto-controller-0.0.7/out/extension
[2019-12-09 11:00:07.910] [exthost] [info] ExtensionService#_doActivateExtension streetsidesoftware.code-spell-checker {"startup":true,"extensionId":{"value":"streetsidesoftware.code-spell-checker","_lower":"streetsidesoftware.code-spell-checker"},"activationEvent":"*"}
[2019-12-09 11:00:07.910] [exthost] [info] ExtensionService#loadCommonJSModule file:///home/neosoft/.vscode/extensions/streetsidesoftware.code-spell-checker-1.7.20/dist/extension
[2019-12-09 11:00:07.948] [exthost] [info] ExtensionService#_doActivateExtension Zignd.html-css-class-completion {"startup":true,"extensionId":{"value":"Zignd.html-css-class-completion","_lower":"zignd.html-css-class-completion"},"activationEvent":"*"}
[2019-12-09 11:00:07.948] [exthost] [info] ExtensionService#loadCommonJSModule file:///home/neosoft/.vscode/extensions/zignd.html-css-class-completion-1.19.0/out/src/extension
[2019-12-09 11:00:10.421] [exthost] [info] eager extensions activated
